Arguments: 
  C:\Program Files\nodejs\node.exe C:\Users\khatasia\AppData\Roaming\npm\node_modules\yarn\bin\yarn.js add creat-react-app

PATH: 
  C:\Program Files (x86)\Intel\iCLS Client\;C:\Program Files\Intel\iCLS Client\;C:\WINDOWS\system32;C:\WINDOWS;C:\WINDOWS\System32\Wbem;C:\WINDOWS\System32\WindowsPowerShell\v1.0\;C:\WINDOWS\System32\OpenSSH\;C:\Program Files\Intel\Intel(R) Management Engine Components\DAL;C:\Program Files\Intel\Intel(R) Management Engine Components\IPT;C:\Program Files (x86)\Intel\Intel(R) Management Engine Components\DAL;C:\Program Files (x86)\Intel\Intel(R) Management Engine Components\IPT;C:\ProgramData\chocolatey\bin;C:\Program Files\OpenJDK\openjdk-8u312-b07\bin;C:\Program Files\Git\cmd;C:\Program Files\OpenJDK\openjdk-8u312-b07\bin;C:\Program Files\OpenJDK\openjdk-8u312-b07;C:\Users\khatasia\AppData\Local\Android\Sdk\platform-tools;C:\Users\khatasia\AppData\Local\Android\Sdk\tools;C:\ProgramData\ComposerSetup\bin;C:\Users\khatasia\AppData\Roaming\nvm;C:\Program Files\nodejs;C:\Users\khatasia\AppData\Local\python2\scripts;C:\Users\khatasia\AppData\Local\python2;C:\Users\khatasia\AppData\Local\jdk-11.0.2\bin;C:\Users\khatasia\AppData\Local\Microsoft\WindowsApps;D:\Alvin\programs\vscode\bin;D:\Alvin\laragon\bin\php\php-7.4.19-Win32-vc15-x64;C:\Users\khatasia\AppData\Roaming\Composer\vendor\bin;C:\Users\khatasia\AppData\Roaming\npm;D:\Alvin\flutterDev\flutter\bin;C:\Users\khatasia\AppData\Local\Pub\Cache\bin;C:\Users\khatasia\AppData\Roaming\nvm;C:\Program Files\nodejs;C:\Program Files\nodejs;

Yarn version: 
  1.22.17

Node version: 
  14.18.1

Platform: 
  win32 x64

Trace: 
  Error: https://registry.yarnpkg.com/creat-react-app: Not found
      at Request.params.callback [as _callback] (C:\Users\khatasia\AppData\Roaming\npm\node_modules\yarn\lib\cli.js:67029:18)
      at Request.self.callback (C:\Users\khatasia\AppData\Roaming\npm\node_modules\yarn\lib\cli.js:140883:22)
      at Request.emit (events.js:400:28)
      at Request.<anonymous> (C:\Users\khatasia\AppData\Roaming\npm\node_modules\yarn\lib\cli.js:141855:10)
      at Request.emit (events.js:400:28)
      at IncomingMessage.<anonymous> (C:\Users\khatasia\AppData\Roaming\npm\node_modules\yarn\lib\cli.js:141777:12)
      at Object.onceWrapper (events.js:519:28)
      at IncomingMessage.emit (events.js:412:35)
      at endReadableNT (internal/streams/readable.js:1334:12)
      at processTicksAndRejections (internal/process/task_queues.js:82:21)

npm manifest: 
  No manifest

yarn manifest: 
  No manifest

Lockfile: 
  No lockfile
